<?xml version="1.0" encoding="UTF-8"?>
<testsuite name="Scenario: User can search on google" tests="5" skipped="4" failures="0" errors="0" timestamp="2017-05-22T13:15:28" hostname="uk157171" time="0.047">
  <properties/>
  <testcase name="Given I navigate to the google home page" classname="Scenario: User can search on google" time="0.0">
    <skipped/>
  </testcase>
  <testcase name="And I search for &quot;Foo&quot;" classname="Scenario: User can search on google" time="0.0">
    <skipped/>
  </testcase>
  <testcase name="When I click the search button" classname="Scenario: User can search on google" time="0.001">
    <skipped/>
  </testcase>
  <testcase name="Then I see my search results" classname="Scenario: User can search on google" time="0.001">
    <skipped/>
  </testcase>
  <testcase name="classMethod" classname="Scenario: User can search on google" time="0.221"/>
  <system-out><![CDATA[]]></system-out>
  <system-err><![CDATA[]]></system-err>
</testsuite>
